# JRE version: Java(TM) SE Runtime Environment (8.0_40-b25) (build 1.8.0_40-b25)
# Java VM: Java HotSpot(TM) 64-Bit Server VM (25.40-b25 mixed mode windows-amd64 compressed oops)
Heap:
 PSYoungGen      total 116736K, used 85484K [0x000000076b180000, 0x0000000774400000, 0x00000007c0000000)
  eden space 108544K, 71% used [0x000000076b180000,0x000000076fd2f9a8,0x0000000771b80000)
  from space 8192K, 97% used [0x0000000773c00000,0x00000007743cba10,0x0000000774400000)
  to   space 10752K, 0% used [0x0000000772f00000,0x0000000772f00000,0x0000000773980000)
 ParOldGen       total 92672K, used 6228K [0x00000006c1400000, 0x00000006c6e80000, 0x000000076b180000)
  object space 92672K, 6% used [0x00000006c1400000,0x00000006c1a152b0,0x00000006c6e80000)
 Metaspace       used 32949K, capacity 34816K, committed 35120K, reserved 1079296K
  class space    used 4242K, capacity 4603K, committed 4656K, reserved 1048576K
GC Heap History (10 events):
Event: 2.434 GC heap before
{Heap before GC invocations=1 (full 0):
 PSYoungGen      total 76288K, used 65536K [0x000000076b180000, 0x0000000770680000, 0x00000007c0000000)
  eden space 65536K, 100% used [0x000000076b180000,0x000000076f180000,0x000000076f180000)
  from space 10752K, 0% used [0x000000076fc00000,0x000000076fc00000,0x0000000770680000)
  to   space 10752K, 0% used [0x000000076f180000,0x000000076f180000,0x000000076fc00000)
 ParOldGen       total 175104K, used 0K [0x00000006c1400000, 0x00000006cbf00000, 0x000000076b180000)
  object space 175104K, 0% used [0x00000006c1400000,0x00000006c1400000,0x00000006cbf00000)
 Metaspace       used 14029K, capacity 14554K, committed 14720K, reserved 1062912K
  class space    used 1769K, capacity 1911K, committed 1920K, reserved 1048576K
Event: 2.442 GC heap after
Heap after GC invocations=1 (full 0):
 PSYoungGen      total 76288K, used 7331K [0x000000076b180000, 0x0000000770680000, 0x00000007c0000000)
  eden space 65536K, 0% used [0x000000076b180000,0x000000076b180000,0x000000076f180000)
  from space 10752K, 68% used [0x000000076f180000,0x000000076f8a8c20,0x000000076fc00000)
  to   space 10752K, 0% used [0x000000076fc00000,0x000000076fc00000,0x0000000770680000)
 ParOldGen       total 175104K, used 16K [0x00000006c1400000, 0x00000006cbf00000, 0x000000076b180000)
  object space 175104K, 0% used [0x00000006c1400000,0x00000006c1404000,0x00000006cbf00000)
 Metaspace       used 14029K, capacity 14554K, committed 14720K, reserved 1062912K
  class space    used 1769K, capacity 1911K, committed 1920K, reserved 1048576K
}
Event: 3.032 GC heap before
{Heap before GC invocations=2 (full 0):
 PSYoungGen      total 76288K, used 72867K [0x000000076b180000, 0x0000000770680000, 0x00000007c0000000)
  eden space 65536K, 100% used [0x000000076b180000,0x000000076f180000,0x000000076f180000)
  from space 10752K, 68% used [0x000000076f180000,0x000000076f8a8c20,0x000000076fc00000)
  to   space 10752K, 0% used [0x000000076fc00000,0x000000076fc00000,0x0000000770680000)
 ParOldGen       total 175104K, used 16K [0x00000006c1400000, 0x00000006cbf00000, 0x000000076b180000)
  object space 175104K, 0% used [0x00000006c1400000,0x00000006c1404000,0x00000006cbf00000)
 Metaspace       used 19790K, capacity 20626K, committed 20736K, reserved 1067008K
  class space    used 2543K, capacity 2747K, committed 2816K, reserved 1048576K
Event: 3.043 GC heap after
Heap after GC invocations=2 (full 0):
 PSYoungGen      total 76288K, used 10745K [0x000000076b180000, 0x0000000774680000, 0x00000007c0000000)
  eden space 65536K, 0% used [0x000000076b180000,0x000000076b180000,0x000000076f180000)
  from space 10752K, 99% used [0x000000076fc00000,0x000000077067e7c8,0x0000000770680000)
  to   space 10752K, 0% used [0x000000076f180000,0x000000076f180000,0x000000076fc00000)
 ParOldGen       total 175104K, used 139K [0x00000006c1400000, 0x00000006cbf00000, 0x000000076b180000)
  object space 175104K, 0% used [0x00000006c1400000,0x00000006c1422ca8,0x00000006cbf00000)
 Metaspace       used 19790K, capacity 20626K, committed 20736K, reserved 1067008K
  class space    used 2543K, capacity 2747K, committed 2816K, reserved 1048576K
}
Event: 3.139 GC heap before
{Heap before GC invocations=3 (full 0):
 PSYoungGen      total 76288K, used 18918K [0x000000076b180000, 0x0000000774680000, 0x00000007c0000000)
  eden space 65536K, 12% used [0x000000076b180000,0x000000076b97b410,0x000000076f180000)
  from space 10752K, 99% used [0x000000076fc00000,0x000000077067e7c8,0x0000000770680000)
  to   space 10752K, 0% used [0x000000076f180000,0x000000076f180000,0x000000076fc00000)
 ParOldGen       total 175104K, used 139K [0x00000006c1400000, 0x00000006cbf00000, 0x000000076b180000)
  object space 175104K, 0% used [0x00000006c1400000,0x00000006c1422ca8,0x00000006cbf00000)
 Metaspace       used 20350K, capacity 21198K, committed 21296K, reserved 1067008K
  class space    used 2631K, capacity 2821K, committed 2864K, reserved 1048576K
Event: 3.147 GC heap after
Heap after GC invocations=3 (full 0):
 PSYoungGen      total 76288K, used 6339K [0x000000076b180000, 0x0000000774680000, 0x00000007c0000000)
  eden space 65536K, 0% used [0x000000076b180000,0x000000076b180000,0x000000076f180000)
  from space 10752K, 58% used [0x000000076f180000,0x000000076f7b0ed0,0x000000076fc00000)
  to   space 10752K, 0% used [0x0000000773c00000,0x0000000773c00000,0x0000000774680000)
 ParOldGen       total 175104K, used 147K [0x00000006c1400000, 0x00000006cbf00000, 0x000000076b180000)
  object space 175104K, 0% used [0x00000006c1400000,0x00000006c1424ca8,0x00000006cbf00000)
 Metaspace       used 20350K, capacity 21198K, committed 21296K, reserved 1067008K
  class space    used 2631K, capacity 2821K, committed 2864K, reserved 1048576K
}
Event: 3.147 GC heap before
{Heap before GC invocations=4 (full 1):
 PSYoungGen      total 76288K, used 6339K [0x000000076b180000, 0x0000000774680000, 0x00000007c0000000)
  eden space 65536K, 0% used [0x000000076b180000,0x000000076b180000,0x000000076f180000)
  from space 10752K, 58% used [0x000000076f180000,0x000000076f7b0ed0,0x000000076fc00000)
  to   space 10752K, 0% used [0x0000000773c00000,0x0000000773c00000,0x0000000774680000)
 ParOldGen       total 175104K, used 147K [0x00000006c1400000, 0x00000006cbf00000, 0x000000076b180000)
  object space 175104K, 0% used [0x00000006c1400000,0x00000006c1424ca8,0x00000006cbf00000)
 Metaspace       used 20350K, capacity 21198K, committed 21296K, reserved 1067008K
  class space    used 2631K, capacity 2821K, committed 2864K, reserved 1048576K
Event: 3.191 GC heap after
Heap after GC invocations=4 (full 1):
 PSYoungGen      total 76288K, used 0K [0x000000076b180000, 0x0000000774680000, 0x00000007c0000000)
  eden space 65536K, 0% used [0x000000076b180000,0x000000076b180000,0x000000076f180000)
  from space 10752K, 0% used [0x000000076f180000,0x000000076f180000,0x000000076fc00000)
  to   space 10752K, 0% used [0x0000000773c00000,0x0000000773c00000,0x0000000774680000)
 ParOldGen       total 92672K, used 6220K [0x00000006c1400000, 0x00000006c6e80000, 0x000000076b180000)
  object space 92672K, 6% used [0x00000006c1400000,0x00000006c1a132b0,0x00000006c6e80000)
 Metaspace       used 20350K, capacity 21198K, committed 21296K, reserved 1067008K
  class space    used 2631K, capacity 2821K, committed 2864K, reserved 1048576K
}
Event: 3.949 GC heap before
{Heap before GC invocations=5 (full 1):
 PSYoungGen      total 76288K, used 65536K [0x000000076b180000, 0x0000000774680000, 0x00000007c0000000)
  eden space 65536K, 100% used [0x000000076b180000,0x000000076f180000,0x000000076f180000)
  from space 10752K, 0% used [0x000000076f180000,0x000000076f180000,0x000000076fc00000)
  to   space 10752K, 0% used [0x0000000773c00000,0x0000000773c00000,0x0000000774680000)
 ParOldGen       total 92672K, used 6220K [0x00000006c1400000, 0x00000006c6e80000, 0x000000076b180000)
  object space 92672K, 6% used [0x00000006c1400000,0x00000006c1a132b0,0x00000006c6e80000)
 Metaspace       used 25904K, capacity 27422K, committed 27568K, reserved 1073152K
  class space    used 3380K, capacity 3669K, committed 3760K, reserved 1048576K
Event: 3.958 GC heap after
Heap after GC invocations=5 (full 1):
 PSYoungGen      total 116736K, used 7982K [0x000000076b180000, 0x0000000774400000, 0x00000007c0000000)
  eden space 108544K, 0% used [0x000000076b180000,0x000000076b180000,0x0000000771b80000)
  from space 8192K, 97% used [0x0000000773c00000,0x00000007743cba10,0x0000000774400000)
  to   space 10752K, 0% used [0x0000000772f00000,0x0000000772f00000,0x0000000773980000)
 ParOldGen       total 92672K, used 6228K [0x00000006c1400000, 0x00000006c6e80000, 0x000000076b180000)
  object space 92672K, 6% used [0x00000006c1400000,0x00000006c1a152b0,0x00000006c6e80000)
 Metaspace       used 25904K, capacity 27422K, committed 27568K, reserved 1073152K
  class space    used 3380K, capacity 3669K, committed 3760K, reserved 1048576K
}

